20-Oct-2024 13:20:18.179 INFO [main] org.apache.catalina.core.ApplicationContext.log ContextListener: contextInitialized()
20-Oct-2024 13:20:18.179 INFO [main] org.apache.catalina.core.ApplicationContext.log SessionListener: contextInitialized()
20-Oct-2024 13:20:18.181 INFO [main] org.apache.catalina.core.ApplicationContext.log ContextListener: attributeAdded('StockTicker', 'async.Stockticker@11eadcba')
20-Oct-2024 13:36:10.745 INFO [main] org.apache.catalina.core.ApplicationContext.log ContextListener: contextInitialized()
20-Oct-2024 13:36:10.745 INFO [main] org.apache.catalina.core.ApplicationContext.log SessionListener: contextInitialized()
20-Oct-2024 13:36:10.746 INFO [main] org.apache.catalina.core.ApplicationContext.log ContextListener: attributeAdded('StockTicker', 'async.Stockticker@675d8c96')
20-Oct-2024 13:36:37.096 INFO [http-nio-8080-exec-1] org.apache.catalina.core.ApplicationContext.log Marking servlet [HelloWorldServlet] as unavailable
20-Oct-2024 13:36:37.097 SEVERE [http-nio-8080-exec-1] org.apache.catalina.core.StandardWrapperValve.invoke Allocate exception for servlet [HelloWorldServlet]
	java.lang.ClassNotFoundException: br.com.projeto.servlet.HelloWorldServlet
		at org.apache.catalina.loader.WebappClassLoaderBase.loadClass(WebappClassLoaderBase.java:1308)
		at org.apache.catalina.loader.WebappClassLoaderBase.loadClass(WebappClassLoaderBase.java:1120)
		at org.apache.catalina.core.DefaultInstanceManager.loadClass(DefaultInstanceManager.java:488)
		at org.apache.catalina.core.DefaultInstanceManager.loadClassMaybePrivileged(DefaultInstanceManager.java:470)
		at org.apache.catalina.core.DefaultInstanceManager.newInstance(DefaultInstanceManager.java:142)
		at org.apache.catalina.core.StandardWrapper.loadServlet(StandardWrapper.java:898)
		at org.apache.catalina.core.StandardWrapper.allocate(StandardWrapper.java:659)
		at org.apache.catalina.core.StandardWrapperValve.invoke(StandardWrapperValve.java:116)
		at org.apache.catalina.core.StandardContextValve.invoke(StandardContextValve.java:90)
		at org.apache.catalina.authenticator.AuthenticatorBase.invoke(AuthenticatorBase.java:482)
		at org.apache.catalina.core.StandardHostValve.invoke(StandardHostValve.java:130)
		at org.apache.catalina.valves.ErrorReportValve.invoke(ErrorReportValve.java:93)
		at org.apache.catalina.valves.AbstractAccessLogValve.invoke(AbstractAccessLogValve.java:660)
		at org.apache.catalina.core.StandardEngineValve.invoke(StandardEngineValve.java:74)
		at org.apache.catalina.connector.CoyoteAdapter.service(CoyoteAdapter.java:346)
		at org.apache.coyote.http11.Http11Processor.service(Http11Processor.java:383)
		at org.apache.coyote.AbstractProcessorLight.process(AbstractProcessorLight.java:63)
		at org.apache.coyote.AbstractProtocol$ConnectionHandler.process(AbstractProtocol.java:937)
		at org.apache.tomcat.util.net.NioEndpoint$SocketProcessor.doRun(NioEndpoint.java:1791)
		at org.apache.tomcat.util.net.SocketProcessorBase.run(SocketProcessorBase.java:52)
		at org.apache.tomcat.util.threads.ThreadPoolExecutor.runWorker(ThreadPoolExecutor.java:1190)
		at org.apache.tomcat.util.threads.ThreadPoolExecutor$Worker.run(ThreadPoolExecutor.java:659)
		at org.apache.tomcat.util.threads.TaskThread$WrappingRunnable.run(TaskThread.java:63)
		at java.base/java.lang.Thread.run(Thread.java:840)
20-Oct-2024 13:41:30.695 INFO [http-nio-8080-exec-7] org.apache.catalina.core.ApplicationContext.log Marking servlet [HelloWorldServlet] as unavailable
20-Oct-2024 13:41:30.696 SEVERE [http-nio-8080-exec-7] org.apache.catalina.core.StandardWrapperValve.invoke Allocate exception for servlet [HelloWorldServlet]
	java.lang.ClassNotFoundException: br.com.projeto.servlet.HelloWorldServlet
		at org.apache.catalina.loader.WebappClassLoaderBase.loadClass(WebappClassLoaderBase.java:1308)
		at org.apache.catalina.loader.WebappClassLoaderBase.loadClass(WebappClassLoaderBase.java:1120)
		at org.apache.catalina.core.DefaultInstanceManager.loadClass(DefaultInstanceManager.java:488)
		at org.apache.catalina.core.DefaultInstanceManager.loadClassMaybePrivileged(DefaultInstanceManager.java:470)
		at org.apache.catalina.core.DefaultInstanceManager.newInstance(DefaultInstanceManager.java:142)
		at org.apache.catalina.core.StandardWrapper.loadServlet(StandardWrapper.java:898)
		at org.apache.catalina.core.StandardWrapper.allocate(StandardWrapper.java:659)
		at org.apache.catalina.core.StandardWrapperValve.invoke(StandardWrapperValve.java:116)
		at org.apache.catalina.core.StandardContextValve.invoke(StandardContextValve.java:90)
		at org.apache.catalina.authenticator.AuthenticatorBase.invoke(AuthenticatorBase.java:482)
		at org.apache.catalina.core.StandardHostValve.invoke(StandardHostValve.java:130)
		at org.apache.catalina.valves.ErrorReportValve.invoke(ErrorReportValve.java:93)
		at org.apache.catalina.valves.AbstractAccessLogValve.invoke(AbstractAccessLogValve.java:660)
		at org.apache.catalina.core.StandardEngineValve.invoke(StandardEngineValve.java:74)
		at org.apache.catalina.connector.CoyoteAdapter.service(CoyoteAdapter.java:346)
		at org.apache.coyote.http11.Http11Processor.service(Http11Processor.java:383)
		at org.apache.coyote.AbstractProcessorLight.process(AbstractProcessorLight.java:63)
		at org.apache.coyote.AbstractProtocol$ConnectionHandler.process(AbstractProtocol.java:937)
		at org.apache.tomcat.util.net.NioEndpoint$SocketProcessor.doRun(NioEndpoint.java:1791)
		at org.apache.tomcat.util.net.SocketProcessorBase.run(SocketProcessorBase.java:52)
		at org.apache.tomcat.util.threads.ThreadPoolExecutor.runWorker(ThreadPoolExecutor.java:1190)
		at org.apache.tomcat.util.threads.ThreadPoolExecutor$Worker.run(ThreadPoolExecutor.java:659)
		at org.apache.tomcat.util.threads.TaskThread$WrappingRunnable.run(TaskThread.java:63)
		at java.base/java.lang.Thread.run(Thread.java:840)
20-Oct-2024 13:42:14.783 INFO [main] org.apache.catalina.core.ApplicationContext.log ContextListener: contextInitialized()
20-Oct-2024 13:42:14.784 INFO [main] org.apache.catalina.core.ApplicationContext.log SessionListener: contextInitialized()
20-Oct-2024 13:42:14.786 INFO [main] org.apache.catalina.core.ApplicationContext.log ContextListener: attributeAdded('StockTicker', 'async.Stockticker@7383eae2')
20-Oct-2024 13:44:31.753 INFO [main] org.apache.catalina.core.ApplicationContext.log SessionListener: contextDestroyed()
20-Oct-2024 13:44:31.753 INFO [main] org.apache.catalina.core.ApplicationContext.log ContextListener: contextDestroyed()
20-Oct-2024 13:44:45.720 INFO [main] org.apache.catalina.core.ApplicationContext.log ContextListener: contextInitialized()
20-Oct-2024 13:44:45.720 INFO [main] org.apache.catalina.core.ApplicationContext.log SessionListener: contextInitialized()
20-Oct-2024 13:44:45.726 INFO [main] org.apache.catalina.core.ApplicationContext.log ContextListener: attributeAdded('StockTicker', 'async.Stockticker@55787112')
20-Oct-2024 13:44:51.932 INFO [main] org.apache.catalina.core.ApplicationContext.log SessionListener: contextDestroyed()
20-Oct-2024 13:44:51.932 INFO [main] org.apache.catalina.core.ApplicationContext.log ContextListener: contextDestroyed()
20-Oct-2024 13:45:36.374 INFO [main] org.apache.catalina.core.ApplicationContext.log ContextListener: contextInitialized()
20-Oct-2024 13:45:36.374 INFO [main] org.apache.catalina.core.ApplicationContext.log SessionListener: contextInitialized()
20-Oct-2024 13:45:36.376 INFO [main] org.apache.catalina.core.ApplicationContext.log ContextListener: attributeAdded('StockTicker', 'async.Stockticker@7c7d3c46')
20-Oct-2024 13:45:47.011 INFO [main] org.apache.catalina.core.ApplicationContext.log SessionListener: contextDestroyed()
20-Oct-2024 13:45:47.012 INFO [main] org.apache.catalina.core.ApplicationContext.log ContextListener: contextDestroyed()
20-Oct-2024 13:45:49.205 INFO [main] org.apache.catalina.core.ApplicationContext.log ContextListener: contextInitialized()
20-Oct-2024 13:45:49.205 INFO [main] org.apache.catalina.core.ApplicationContext.log SessionListener: contextInitialized()
20-Oct-2024 13:45:49.207 INFO [main] org.apache.catalina.core.ApplicationContext.log ContextListener: attributeAdded('StockTicker', 'async.Stockticker@631e06ab')
20-Oct-2024 13:46:51.740 INFO [main] org.apache.catalina.core.ApplicationContext.log SessionListener: contextDestroyed()
20-Oct-2024 13:46:51.740 INFO [main] org.apache.catalina.core.ApplicationContext.log ContextListener: contextDestroyed()
20-Oct-2024 13:46:54.087 INFO [main] org.apache.catalina.core.ApplicationContext.log ContextListener: contextInitialized()
20-Oct-2024 13:46:54.088 INFO [main] org.apache.catalina.core.ApplicationContext.log SessionListener: contextInitialized()
20-Oct-2024 13:46:54.094 INFO [main] org.apache.catalina.core.ApplicationContext.log ContextListener: attributeAdded('StockTicker', 'async.Stockticker@267f474e')
20-Oct-2024 13:47:32.801 INFO [main] org.apache.catalina.core.ApplicationContext.log SessionListener: contextDestroyed()
20-Oct-2024 13:47:32.802 INFO [main] org.apache.catalina.core.ApplicationContext.log ContextListener: contextDestroyed()
20-Oct-2024 13:47:35.259 INFO [main] org.apache.catalina.core.ApplicationContext.log ContextListener: contextInitialized()
20-Oct-2024 13:47:35.259 INFO [main] org.apache.catalina.core.ApplicationContext.log SessionListener: contextInitialized()
20-Oct-2024 13:47:35.260 INFO [main] org.apache.catalina.core.ApplicationContext.log ContextListener: attributeAdded('StockTicker', 'async.Stockticker@3185fa6b')
20-Oct-2024 13:48:09.045 INFO [main] org.apache.catalina.core.ApplicationContext.log SessionListener: contextDestroyed()
20-Oct-2024 13:48:09.045 INFO [main] org.apache.catalina.core.ApplicationContext.log ContextListener: contextDestroyed()
20-Oct-2024 13:48:15.395 INFO [main] org.apache.catalina.core.ApplicationContext.log ContextListener: contextInitialized()
20-Oct-2024 13:48:15.395 INFO [main] org.apache.catalina.core.ApplicationContext.log SessionListener: contextInitialized()
20-Oct-2024 13:48:15.397 INFO [main] org.apache.catalina.core.ApplicationContext.log ContextListener: attributeAdded('StockTicker', 'async.Stockticker@5b58ed3c')
20-Oct-2024 13:50:19.390 INFO [main] org.apache.catalina.core.ApplicationContext.log SessionListener: contextDestroyed()
20-Oct-2024 13:50:19.390 INFO [main] org.apache.catalina.core.ApplicationContext.log ContextListener: contextDestroyed()
20-Oct-2024 13:50:22.178 INFO [main] org.apache.catalina.core.ApplicationContext.log ContextListener: contextInitialized()
20-Oct-2024 13:50:22.179 INFO [main] org.apache.catalina.core.ApplicationContext.log SessionListener: contextInitialized()
20-Oct-2024 13:50:22.186 INFO [main] org.apache.catalina.core.ApplicationContext.log ContextListener: attributeAdded('StockTicker', 'async.Stockticker@5b58ed3c')
20-Oct-2024 13:50:44.927 INFO [main] org.apache.catalina.core.ApplicationContext.log SessionListener: contextDestroyed()
20-Oct-2024 13:50:44.928 INFO [main] org.apache.catalina.core.ApplicationContext.log ContextListener: contextDestroyed()
20-Oct-2024 13:50:47.452 INFO [main] org.apache.catalina.core.ApplicationContext.log ContextListener: contextInitialized()
20-Oct-2024 13:50:47.453 INFO [main] org.apache.catalina.core.ApplicationContext.log SessionListener: contextInitialized()
20-Oct-2024 13:50:47.454 INFO [main] org.apache.catalina.core.ApplicationContext.log ContextListener: attributeAdded('StockTicker', 'async.Stockticker@4fe89c24')
20-Oct-2024 13:51:03.133 INFO [main] org.apache.catalina.core.ApplicationContext.log SessionListener: contextDestroyed()
20-Oct-2024 13:51:03.133 INFO [main] org.apache.catalina.core.ApplicationContext.log ContextListener: contextDestroyed()
20-Oct-2024 13:51:05.744 INFO [main] org.apache.catalina.core.ApplicationContext.log ContextListener: contextInitialized()
20-Oct-2024 13:51:05.744 INFO [main] org.apache.catalina.core.ApplicationContext.log SessionListener: contextInitialized()
20-Oct-2024 13:51:05.747 INFO [main] org.apache.catalina.core.ApplicationContext.log ContextListener: attributeAdded('StockTicker', 'async.Stockticker@36b0fcd5')
20-Oct-2024 13:54:53.316 INFO [main] org.apache.catalina.core.ApplicationContext.log SessionListener: contextDestroyed()
20-Oct-2024 13:54:53.317 INFO [main] org.apache.catalina.core.ApplicationContext.log ContextListener: contextDestroyed()
20-Oct-2024 13:54:55.774 INFO [main] org.apache.catalina.core.ApplicationContext.log ContextListener: contextInitialized()
20-Oct-2024 13:54:55.774 INFO [main] org.apache.catalina.core.ApplicationContext.log SessionListener: contextInitialized()
20-Oct-2024 13:54:55.781 INFO [main] org.apache.catalina.core.ApplicationContext.log ContextListener: attributeAdded('StockTicker', 'async.Stockticker@48c35007')
20-Oct-2024 13:55:22.528 INFO [main] org.apache.catalina.core.ApplicationContext.log SessionListener: contextDestroyed()
20-Oct-2024 13:55:22.528 INFO [main] org.apache.catalina.core.ApplicationContext.log ContextListener: contextDestroyed()
20-Oct-2024 13:55:24.856 INFO [main] org.apache.catalina.core.ApplicationContext.log ContextListener: contextInitialized()
20-Oct-2024 13:55:24.856 INFO [main] org.apache.catalina.core.ApplicationContext.log SessionListener: contextInitialized()
20-Oct-2024 13:55:24.858 INFO [main] org.apache.catalina.core.ApplicationContext.log ContextListener: attributeAdded('StockTicker', 'async.Stockticker@72a85671')
20-Oct-2024 18:44:35.887 INFO [main] org.apache.catalina.core.ApplicationContext.log SessionListener: contextDestroyed()
20-Oct-2024 18:44:35.887 INFO [main] org.apache.catalina.core.ApplicationContext.log ContextListener: contextDestroyed()
20-Oct-2024 18:44:37.792 INFO [main] org.apache.catalina.core.ApplicationContext.log ContextListener: contextInitialized()
20-Oct-2024 18:44:37.792 INFO [main] org.apache.catalina.core.ApplicationContext.log SessionListener: contextInitialized()
20-Oct-2024 18:44:37.794 INFO [main] org.apache.catalina.core.ApplicationContext.log ContextListener: attributeAdded('StockTicker', 'async.Stockticker@19fe4644')
20-Oct-2024 18:45:36.994 INFO [main] org.apache.catalina.core.ApplicationContext.log SessionListener: contextDestroyed()
20-Oct-2024 18:45:36.994 INFO [main] org.apache.catalina.core.ApplicationContext.log ContextListener: contextDestroyed()
20-Oct-2024 18:45:47.691 INFO [main] org.apache.catalina.core.ApplicationContext.log ContextListener: contextInitialized()
20-Oct-2024 18:45:47.691 INFO [main] org.apache.catalina.core.ApplicationContext.log SessionListener: contextInitialized()
20-Oct-2024 18:45:47.692 INFO [main] org.apache.catalina.core.ApplicationContext.log ContextListener: attributeAdded('StockTicker', 'async.Stockticker@18245eb0')
20-Oct-2024 18:46:07.650 INFO [Thread-1] org.apache.catalina.core.ApplicationContext.log SessionListener: contextDestroyed()
20-Oct-2024 18:46:07.650 INFO [Thread-1] org.apache.catalina.core.ApplicationContext.log ContextListener: contextDestroyed()
20-Oct-2024 18:46:29.463 INFO [main] org.apache.catalina.core.ApplicationContext.log ContextListener: contextInitialized()
20-Oct-2024 18:46:29.463 INFO [main] org.apache.catalina.core.ApplicationContext.log SessionListener: contextInitialized()
20-Oct-2024 18:46:29.464 INFO [main] org.apache.catalina.core.ApplicationContext.log ContextListener: attributeAdded('StockTicker', 'async.Stockticker@18245eb0')
20-Oct-2024 18:46:49.920 INFO [Thread-1] org.apache.catalina.core.ApplicationContext.log SessionListener: contextDestroyed()
20-Oct-2024 18:46:49.920 INFO [Thread-1] org.apache.catalina.core.ApplicationContext.log ContextListener: contextDestroyed()
20-Oct-2024 18:46:52.787 INFO [main] org.apache.catalina.core.ApplicationContext.log ContextListener: contextInitialized()
20-Oct-2024 18:46:52.787 INFO [main] org.apache.catalina.core.ApplicationContext.log SessionListener: contextInitialized()
20-Oct-2024 18:46:52.788 INFO [main] org.apache.catalina.core.ApplicationContext.log ContextListener: attributeAdded('StockTicker', 'async.Stockticker@7383eae2')
20-Oct-2024 18:47:05.309 INFO [main] org.apache.catalina.core.ApplicationContext.log ContextListener: contextInitialized()
20-Oct-2024 18:47:05.310 INFO [main] org.apache.catalina.core.ApplicationContext.log SessionListener: contextInitialized()
20-Oct-2024 18:47:05.311 INFO [main] org.apache.catalina.core.ApplicationContext.log ContextListener: attributeAdded('StockTicker', 'async.Stockticker@5049d8b2')
20-Oct-2024 18:47:08.627 INFO [main] org.apache.catalina.core.ApplicationContext.log SessionListener: contextDestroyed()
20-Oct-2024 18:47:08.627 INFO [main] org.apache.catalina.core.ApplicationContext.log ContextListener: contextDestroyed()
20-Oct-2024 18:47:15.230 INFO [main] org.apache.catalina.core.ApplicationContext.log ContextListener: contextInitialized()
20-Oct-2024 18:47:15.230 INFO [main] org.apache.catalina.core.ApplicationContext.log SessionListener: contextInitialized()
20-Oct-2024 18:47:15.231 INFO [main] org.apache.catalina.core.ApplicationContext.log ContextListener: attributeAdded('StockTicker', 'async.Stockticker@7c7d3c46')
20-Oct-2024 18:47:44.361 INFO [Thread-1] org.apache.catalina.core.ApplicationContext.log SessionListener: contextDestroyed()
20-Oct-2024 18:47:44.361 INFO [Thread-1] org.apache.catalina.core.ApplicationContext.log ContextListener: contextDestroyed()
20-Oct-2024 18:47:56.361 INFO [main] org.apache.catalina.core.ApplicationContext.log ContextListener: contextInitialized()
20-Oct-2024 18:47:56.361 INFO [main] org.apache.catalina.core.ApplicationContext.log SessionListener: contextInitialized()
20-Oct-2024 18:47:56.362 INFO [main] org.apache.catalina.core.ApplicationContext.log ContextListener: attributeAdded('StockTicker', 'async.Stockticker@4ae33a11')
20-Oct-2024 18:53:51.600 INFO [Thread-1] org.apache.catalina.core.ApplicationContext.log SessionListener: contextDestroyed()
20-Oct-2024 18:53:51.600 INFO [Thread-1] org.apache.catalina.core.ApplicationContext.log ContextListener: contextDestroyed()
20-Oct-2024 19:02:35.905 INFO [main] org.apache.catalina.core.ApplicationContext.log ContextListener: contextInitialized()
20-Oct-2024 19:02:35.905 INFO [main] org.apache.catalina.core.ApplicationContext.log SessionListener: contextInitialized()
20-Oct-2024 19:02:35.906 INFO [main] org.apache.catalina.core.ApplicationContext.log ContextListener: attributeAdded('StockTicker', 'async.Stockticker@6722db6e')
20-Oct-2024 19:03:39.467 INFO [Thread-1] org.apache.catalina.core.ApplicationContext.log SessionListener: contextDestroyed()
20-Oct-2024 19:03:39.468 INFO [Thread-1] org.apache.catalina.core.ApplicationContext.log ContextListener: contextDestroyed()
20-Oct-2024 19:04:06.306 INFO [main] org.apache.catalina.core.ApplicationContext.log ContextListener: contextInitialized()
20-Oct-2024 19:04:06.306 INFO [main] org.apache.catalina.core.ApplicationContext.log SessionListener: contextInitialized()
20-Oct-2024 19:04:06.307 INFO [main] org.apache.catalina.core.ApplicationContext.log ContextListener: attributeAdded('StockTicker', 'async.Stockticker@31e3250d')
20-Oct-2024 19:04:41.707 INFO [Thread-1] org.apache.catalina.core.ApplicationContext.log SessionListener: contextDestroyed()
20-Oct-2024 19:04:41.707 INFO [Thread-1] org.apache.catalina.core.ApplicationContext.log ContextListener: contextDestroyed()
20-Oct-2024 19:08:23.208 INFO [main] org.apache.catalina.core.ApplicationContext.log ContextListener: contextInitialized()
20-Oct-2024 19:08:23.208 INFO [main] org.apache.catalina.core.ApplicationContext.log SessionListener: contextInitialized()
20-Oct-2024 19:08:23.210 INFO [main] org.apache.catalina.core.ApplicationContext.log ContextListener: attributeAdded('StockTicker', 'async.Stockticker@bcec031')
20-Oct-2024 19:08:32.379 INFO [Thread-1] org.apache.catalina.core.ApplicationContext.log SessionListener: contextDestroyed()
20-Oct-2024 19:08:32.379 INFO [Thread-1] org.apache.catalina.core.ApplicationContext.log ContextListener: contextDestroyed()
